<?xml version="1.0" encoding="UTF-8"?>
<testsuite xmlns:xsi="http://www.w3.org/2001/XMLSchema-instance" xsi:noNamespaceSchemaLocation="https://maven.apache.org/surefire/maven-surefire-plugin/xsd/surefire-test-report.xsd" name="testTile" time="0.006" tests="8" errors="0" skipped="0" failures="0">
  <properties>
[...]
</properties>
  <testcase name="testShowSquareImage" classname="testTile" time="0.002"/>
  <testcase name="testRevelSquare" classname="testTile" time="0"/>
  <testcase name="testForceRevel" classname="testTile" time="0"/>
  <testcase name="testShowForcedReveledImagesMines" classname="testTile" time="0"/>
  <testcase name="testFlagSquare" classname="testTile" time="0"/>
  <testcase name="testFlagRevelSequence" classname="testTile" time="0"/>
  <testcase name="testInitialSetup" classname="testTile" time="0"/>
  <testcase name="testShowForcedReveledImagesNumbers" classname="testTile" time="0.004"/>
</testsuite>